[0m14:37:01.106624 [debug] [MainThread]: Sending event: {'category': 'dbt', 'action': 'invocation', 'label': 'start', 'context': [<snowplow_tracker.self_describing_json.SelfDescribingJson object at 0x000002BAA2262D00>, <snowplow_tracker.self_describing_json.SelfDescribingJson object at 0x000002BAA41965B0>, <snowplow_tracker.self_describing_json.SelfDescribingJson object at 0x000002BAA4196370>]}


============================== 14:37:01.112276 | a044f909-7b2c-49c9-a2ab-dc7fc7f7e3bf ==============================
[0m14:37:01.112276 [info ] [MainThread]: Running with dbt=1.9.1
[0m14:37:01.113325 [debug] [MainThread]: running dbt with arguments {'printer_width': '80', 'indirect_selection': 'eager', 'write_json': 'True', 'log_cache_events': 'False', 'partial_parse': 'True', 'cache_selected_only': 'False', 'warn_error': 'None', 'version_check': 'True', 'profiles_dir': 'C:\\Users\\water\\.dbt', 'log_path': 'logs', 'fail_fast': 'False', 'debug': 'False', 'use_colors': 'True', 'use_experimental_parser': 'False', 'empty': 'None', 'quiet': 'False', 'no_print': 'None', 'warn_error_options': 'WarnErrorOptions(include=[], exclude=[])', 'introspect': 'True', 'invocation_command': 'dbt init', 'static_parser': 'True', 'target_path': 'None', 'log_format': 'default', 'send_anonymous_usage_stats': 'True'}
[0m14:37:01.144675 [warn ] [MainThread]: [ConfigFolderDirectory]: Unable to parse logging event dictionary. Failed to parse dir field: expected string or bytes-like object.. Dictionary: {'dir': WindowsPath('C:/Users/water/.dbt')}
[0m14:37:01.145675 [info ] [MainThread]: Creating dbt configuration folder at 
[0m14:37:45.677872 [error] [MainThread]: Encountered an error:

[0m14:37:45.731256 [error] [MainThread]: Traceback (most recent call last):
  File "C:\Users\water\AppData\Roaming\Python\Python39\site-packages\dbt\cli\requires.py", line 153, in wrapper
    result, success = func(*args, **kwargs)
  File "C:\Users\water\AppData\Roaming\Python\Python39\site-packages\dbt\cli\requires.py", line 103, in wrapper
    return func(*args, **kwargs)
  File "C:\Users\water\AppData\Roaming\Python\Python39\site-packages\dbt\cli\main.py", line 477, in init
    results = task.run()
  File "C:\Users\water\AppData\Roaming\Python\Python39\site-packages\dbt\task\init.py", line 324, in run
    project_name = self.get_valid_project_name()
  File "C:\Users\water\AppData\Roaming\Python\Python39\site-packages\dbt\task\init.py", line 278, in get_valid_project_name
    name = click.prompt("Enter a name for your project (letters, digits, underscore)")
  File "C:\Users\water\AppData\Roaming\Python\Python39\site-packages\click\termui.py", line 164, in prompt
    value = prompt_func(prompt)
  File "C:\Users\water\AppData\Roaming\Python\Python39\site-packages\click\termui.py", line 147, in prompt_func
    raise Abort() from None
click.exceptions.Abort

[0m14:37:45.733248 [debug] [MainThread]: Command `dbt init` failed at 14:37:45.733248 after 44.72 seconds
[0m14:37:45.734250 [debug] [MainThread]: Sending event: {'category': 'dbt', 'action': 'invocation', 'label': 'end', 'context': [<snowplow_tracker.self_describing_json.SelfDescribingJson object at 0x000002BAA2262D00>, <snowplow_tracker.self_describing_json.SelfDescribingJson object at 0x000002BAA1534760>, <snowplow_tracker.self_describing_json.SelfDescribingJson object at 0x000002BAA15346D0>]}
[0m14:37:45.735248 [debug] [MainThread]: Flushing usage events
[0m14:37:46.213458 [debug] [MainThread]: An error was encountered while trying to flush usage events
[0m14:45:15.217723 [debug] [MainThread]: Sending event: {'category': 'dbt', 'action': 'invocation', 'label': 'start', 'context': [<snowplow_tracker.self_describing_json.SelfDescribingJson object at 0x0000024C96261C10>, <snowplow_tracker.self_describing_json.SelfDescribingJson object at 0x0000024C981974C0>, <snowplow_tracker.self_describing_json.SelfDescribingJson object at 0x0000024C98197220>]}


============================== 14:45:15.223030 | b1a614ff-8442-44c9-80d9-8020630c7c20 ==============================
[0m14:45:15.223030 [info ] [MainThread]: Running with dbt=1.9.1
[0m14:45:15.224031 [debug] [MainThread]: running dbt with arguments {'printer_width': '80', 'indirect_selection': 'eager', 'write_json': 'True', 'log_cache_events': 'False', 'partial_parse': 'True', 'cache_selected_only': 'False', 'warn_error': 'None', 'debug': 'False', 'profiles_dir': 'C:\\Users\\water\\.dbt', 'log_path': 'logs', 'version_check': 'True', 'fail_fast': 'False', 'use_colors': 'True', 'use_experimental_parser': 'False', 'empty': 'None', 'quiet': 'False', 'no_print': 'None', 'log_format': 'default', 'static_parser': 'True', 'introspect': 'True', 'invocation_command': 'dbt init', 'target_path': 'None', 'warn_error_options': 'WarnErrorOptions(include=[], exclude=[])', 'send_anonymous_usage_stats': 'True'}
[0m14:45:38.776363 [debug] [MainThread]: Starter project path: C:\Users\water\AppData\Roaming\Python\Python39\site-packages\dbt\include\starter_project
[0m14:45:38.869023 [info ] [MainThread]: 
Your new dbt project "atelier3" was created!

For more information on how to configure the profiles.yml file,
please consult the dbt documentation here:

  https://docs.getdbt.com/docs/configure-your-profile

One more thing:

Need help? Don't hesitate to reach out to us via GitHub issues or on Slack:

  https://community.getdbt.com/

Happy modeling!

[0m14:45:38.870306 [info ] [MainThread]: Setting up your profile.
[0m14:45:45.511705 [info ] [MainThread]: Profile atelier3 written to C:\Users\water\.dbt\profiles.yml using target's sample configuration. Once updated, you'll be able to start developing with dbt.
[0m14:45:45.513938 [debug] [MainThread]: Command `dbt init` succeeded at 14:45:45.513406 after 30.40 seconds
[0m14:45:45.514946 [debug] [MainThread]: Sending event: {'category': 'dbt', 'action': 'invocation', 'label': 'end', 'context': [<snowplow_tracker.self_describing_json.SelfDescribingJson object at 0x0000024C96261C10>, <snowplow_tracker.self_describing_json.SelfDescribingJson object at 0x0000024C981971C0>, <snowplow_tracker.self_describing_json.SelfDescribingJson object at 0x0000024C95534580>]}
[0m14:45:45.514946 [debug] [MainThread]: Flushing usage events
[0m14:45:45.999326 [debug] [MainThread]: An error was encountered while trying to flush usage events
[0m15:10:46.705139 [debug] [MainThread]: Sending event: {'category': 'dbt', 'action': 'invocation', 'label': 'start', 'context': [<snowplow_tracker.self_describing_json.SelfDescribingJson object at 0x0000026058534CD0>, <snowplow_tracker.self_describing_json.SelfDescribingJson object at 0x000002605949C5B0>, <snowplow_tracker.self_describing_json.SelfDescribingJson object at 0x000002605949C3A0>]}


============================== 15:10:46.709489 | 002b6406-e0c3-4a61-977e-c97996f704a1 ==============================
[0m15:10:46.709489 [info ] [MainThread]: Running with dbt=1.9.1
[0m15:10:46.710483 [debug] [MainThread]: running dbt with arguments {'printer_width': '80', 'indirect_selection': 'eager', 'write_json': 'True', 'log_cache_events': 'False', 'partial_parse': 'True', 'cache_selected_only': 'False', 'warn_error': 'None', 'debug': 'False', 'fail_fast': 'False', 'log_path': 'logs', 'profiles_dir': 'C:\\Users\\water\\.dbt', 'version_check': 'True', 'use_colors': 'True', 'use_experimental_parser': 'False', 'empty': 'None', 'quiet': 'False', 'no_print': 'None', 'warn_error_options': 'WarnErrorOptions(include=[], exclude=[])', 'introspect': 'True', 'log_format': 'default', 'static_parser': 'True', 'target_path': 'None', 'invocation_command': 'dbt debug', 'send_anonymous_usage_stats': 'True'}
[0m15:10:46.738899 [info ] [MainThread]: dbt version: 1.9.1
[0m15:10:46.738899 [info ] [MainThread]: python version: 3.9.9
[0m15:10:46.739876 [info ] [MainThread]: python path: C:\Program Files\Python39\python.exe
[0m15:10:46.739876 [info ] [MainThread]: os info: Windows-10-10.0.26100-SP0
[0m15:10:46.829489 [info ] [MainThread]: Using profiles dir at C:\Users\water\.dbt
[0m15:10:46.830471 [info ] [MainThread]: Using profiles.yml file at C:\Users\water\.dbt\profiles.yml
[0m15:10:46.830471 [info ] [MainThread]: Using dbt_project.yml file at C:\Users\water\OneDrive\Работен плот\test\atelier3\dbt_project.yml
[0m15:10:46.835350 [info ] [MainThread]: adapter type: duckdb
[0m15:10:46.836329 [info ] [MainThread]: adapter version: 1.9.1
[0m15:10:46.836329 [info ] [MainThread]: Configuration:
[0m15:10:46.837307 [info ] [MainThread]:   profiles.yml file [[32mOK found and valid[0m]
[0m15:10:46.837307 [info ] [MainThread]:   dbt_project.yml file [[31mERROR not found[0m]
[0m15:10:46.838281 [info ] [MainThread]: Required dependencies:
[0m15:10:46.838281 [debug] [MainThread]: Executing "git --help"
[0m15:10:46.883346 [debug] [MainThread]: STDOUT: "b"usage: git [-v | --version] [-h | --help] [-C <path>] [-c <name>=<value>]\n           [--exec-path[=<path>]] [--html-path] [--man-path] [--info-path]\n           [-p | --paginate | -P | --no-pager] [--no-replace-objects] [--bare]\n           [--git-dir=<path>] [--work-tree=<path>] [--namespace=<name>]\n           [--config-env=<name>=<envvar>] <command> [<args>]\n\nThese are common Git commands used in various situations:\n\nstart a working area (see also: git help tutorial)\n   clone     Clone a repository into a new directory\n   init      Create an empty Git repository or reinitialize an existing one\n\nwork on the current change (see also: git help everyday)\n   add       Add file contents to the index\n   mv        Move or rename a file, a directory, or a symlink\n   restore   Restore working tree files\n   rm        Remove files from the working tree and from the index\n\nexamine the history and state (see also: git help revisions)\n   bisect    Use binary search to find the commit that introduced a bug\n   diff      Show changes between commits, commit and working tree, etc\n   grep      Print lines matching a pattern\n   log       Show commit logs\n   show      Show various types of objects\n   status    Show the working tree status\n\ngrow, mark and tweak your common history\n   branch    List, create, or delete branches\n   commit    Record changes to the repository\n   merge     Join two or more development histories together\n   rebase    Reapply commits on top of another base tip\n   reset     Reset current HEAD to the specified state\n   switch    Switch branches\n   tag       Create, list, delete or verify a tag object signed with GPG\n\ncollaborate (see also: git help workflows)\n   fetch     Download objects and refs from another repository\n   pull      Fetch from and integrate with another repository or a local branch\n   push      Update remote refs along with associated objects\n\n'git help -a' and 'git help -g' list available subcommands and some\nconcept guides. See 'git help <command>' or 'git help <concept>'\nto read about a specific subcommand or concept.\nSee 'git help git' for an overview of the system.\n""
[0m15:10:46.884326 [debug] [MainThread]: STDERR: "b''"
[0m15:10:46.884326 [info ] [MainThread]:  - git [[32mOK found[0m]

[0m15:10:46.885301 [info ] [MainThread]: Connection:
[0m15:10:46.885301 [info ] [MainThread]:   database: dev
[0m15:10:46.886280 [info ] [MainThread]:   schema: main
[0m15:10:46.886280 [info ] [MainThread]:   path: dev.duckdb
[0m15:10:46.887253 [info ] [MainThread]:   config_options: None
[0m15:10:46.888228 [info ] [MainThread]:   extensions: None
[0m15:10:46.888228 [info ] [MainThread]:   settings: {}
[0m15:10:46.889234 [info ] [MainThread]:   external_root: .
[0m15:10:46.889234 [info ] [MainThread]:   use_credential_provider: None
[0m15:10:46.889234 [info ] [MainThread]:   attach: None
[0m15:10:46.890740 [info ] [MainThread]:   filesystems: None
[0m15:10:46.891841 [info ] [MainThread]:   remote: None
[0m15:10:46.891841 [info ] [MainThread]:   plugins: None
[0m15:10:46.892828 [info ] [MainThread]:   disable_transactions: False
[0m15:10:46.893799 [info ] [MainThread]: Registered adapter: duckdb=1.9.1
[0m15:10:47.201662 [debug] [MainThread]: Acquiring new duckdb connection 'debug'
[0m15:10:48.960086 [debug] [MainThread]: Using duckdb connection "debug"
[0m15:10:48.961067 [debug] [MainThread]: On debug: select 1 as id
[0m15:10:48.961067 [debug] [MainThread]: Opening a new connection, currently in state init
[0m15:10:48.980409 [debug] [MainThread]: SQL status: OK in 0.019 seconds
[0m15:10:48.981416 [debug] [MainThread]: On debug: Close
[0m15:10:48.982399 [info ] [MainThread]:   Connection test: [[32mOK connection ok[0m]

[0m15:10:48.983578 [info ] [MainThread]: [31m1 check failed:[0m
[0m15:10:48.983578 [info ] [MainThread]: Project loading failed for the following reason:
 project path <C:\Users\water\OneDrive\Работен плот\test\atelier3\dbt_project.yml> not found

[0m15:10:48.985090 [debug] [MainThread]: Command `dbt debug` failed at 15:10:48.985090 after 2.37 seconds
[0m15:10:48.986071 [debug] [MainThread]: Connection 'debug' was properly closed.
[0m15:10:48.986071 [debug] [MainThread]: Sending event: {'category': 'dbt', 'action': 'invocation', 'label': 'end', 'context': [<snowplow_tracker.self_describing_json.SelfDescribingJson object at 0x0000026058534CD0>, <snowplow_tracker.self_describing_json.SelfDescribingJson object at 0x00000260569521F0>, <snowplow_tracker.self_describing_json.SelfDescribingJson object at 0x000002605949C340>]}
[0m15:10:48.987048 [debug] [MainThread]: Flushing usage events
[0m15:10:49.530247 [debug] [MainThread]: An error was encountered while trying to flush usage events
